<?xml version="1.0" encoding="UTF-8"?>
<testsuite xmlns:xsi="http://www.w3.org/2001/XMLSchema-instance" xsi:noNamespaceSchemaLocation="https://maven.apache.org/surefire/maven-surefire-plugin/xsd/surefire-test-report.xsd" version="3.0.2" name="com.ecommerce.order.handler.OrderHandlerTest" time="1.484" tests="3" errors="1" skipped="0" failures="0">
  <properties>
[...]
</properties>
  <testcase name="testPlaceOrder" classname="com.ecommerce.order.handler.OrderHandlerTest" time="1.334">
    <system-out><![CDATA[Path: /v1/ui/orders
Creating order...
Request body: {"userId":"u1","productId":"p1","quantity":2,"address":"123 Street"}
Request body inside try: {"userId":"u1","productId":"p1","quantity":2,"address":"123 Street"}
Order Request: 123 Street
Saving order: 99a44cb2-3a4a-4a7a-b502-9d9b35b6f090
Order saved: 99a44cb2-3a4a-4a7a-b502-9d9b35b6f090 with details: 2025-04-22T00:50:53.811 u1 p1 2 123 Street
Response after save: {"orderId":"99a44cb2-3a4a-4a7a-b502-9d9b35b6f090","userId":"u1","productId":"p1","quantity":2,"address":"123 Street","status":"PLACED","orderDate":[2025,4,22,0,50,53,811]}
Response status code: 201
Request handled successfully.
]]></system-out>
  </testcase>
  <testcase name="testGetOrderByIdNotFound" classname="com.ecommerce.order.handler.OrderHandlerTest" time="0.031">
    <system-out><![CDATA[Path: /v1/ui/orders/nonexistent-id
Fetching order...
Request path: /v1/ui/orders/nonexistent-id
Request handled successfully.
]]></system-out>
  </testcase>
  <testcase name="testGetOrderById" classname="com.ecommerce.order.handler.OrderHandlerTest" time="0.021">
    <error message="Cannot invoke &quot;com.amazonaws.services.lambda.runtime.events.APIGatewayProxyResponseEvent.getBody()&quot; because &quot;this.resp&quot; is null" type="java.lang.NullPointerException"><![CDATA[java.lang.NullPointerException: Cannot invoke "com.amazonaws.services.lambda.runtime.events.APIGatewayProxyResponseEvent.getBody()" because "this.resp" is null
	at com.ecommerce.order.handler.OrderHandlerTest.testGetOrderById(OrderHandlerTest.java:143)
	at java.base/java.lang.reflect.Method.invoke(Method.java:580)
	at java.base/java.util.ArrayList.forEach(ArrayList.java:1597)
	at java.base/java.util.ArrayList.forEach(ArrayList.java:1597)
]]></error>
  </testcase>
</testsuite>